2023-02-14 03:23:29.652 [info] Added views:workbench.panel.markers.view in workbench.panel.markers
2023-02-14 03:23:29.652 [info] Added views:workbench.panel.output in workbench.panel.output
2023-02-14 03:23:29.652 [info] Added views:terminal in terminal
2023-02-14 03:23:29.652 [info] Added views:outline in workbench.view.explorer
2023-02-14 03:23:29.652 [info] Added views:workbench.scm in workbench.view.scm
2023-02-14 03:23:29.652 [info] Added views:workbench.view.search in workbench.view.search
2023-02-14 03:23:29.652 [info] Added views:timeline in workbench.view.explorer
2023-02-14 03:23:29.652 [info] Added views:workbench.explorer.fileView in workbench.view.explorer
2023-02-14 03:23:31.728 [info] Added views:workbench.debug.variablesView,workbench.debug.watchExpressionsView,workbench.debug.callStackView,workbench.debug.breakPointsView in workbench.view.debug
2023-02-14 03:23:32.078 [info] Added views:workbench.panel.repl.view in workbench.panel.repl
2023-02-14 03:23:32.090 [info] Removed views:workbench.debug.breakPointsView,workbench.debug.callStackView,workbench.debug.watchExpressionsView,workbench.debug.variablesView from workbench.view.debug
2023-02-14 03:23:32.124 [info] Added views:workbench.debug.welcome in workbench.view.debug
2023-02-14 03:24:07.894 [info] Added views:workbench.views.extensions.installed,workbench.views.extensions.popular,extensions.recommendedList in workbench.view.extensions
2023-02-14 03:24:07.903 [info] Removed views:workbench.views.extensions.popular from workbench.view.extensions
2023-02-14 03:24:08.558 [info] Removed views:extensions.recommendedList,workbench.views.extensions.installed from workbench.view.extensions
2023-02-14 03:24:08.605 [info] Added views:workbench.views.extensions.marketplace in workbench.view.extensions
2023-02-14 03:24:16.636 [info] Removed views:workbench.views.extensions.marketplace from workbench.view.extensions
2023-02-14 03:24:16.652 [info] Added views:workbench.views.extensions.installed,workbench.views.extensions.popular,extensions.recommendedList in workbench.view.extensions
2023-02-14 03:24:17.987 [info] Removed views:extensions.recommendedList,workbench.views.extensions.popular,workbench.views.extensions.installed from workbench.view.extensions
2023-02-14 03:24:18.049 [info] Added views:workbench.views.extensions.marketplace in workbench.view.extensions
2023-02-14 03:24:25.007 [info] Removed views:workbench.views.extensions.marketplace from workbench.view.extensions
2023-02-14 03:24:25.019 [info] Added views:workbench.views.extensions.installed,workbench.views.extensions.popular,extensions.recommendedList in workbench.view.extensions
