0 verbose cli /usr/bin/node /usr/bin/npm
1 info using npm@8.19.2
2 info using node@v19.8.1
3 timing npm:load:whichnode Completed in 1ms
4 timing config:load:defaults Completed in 3ms
5 timing config:load:file:/usr/lib/node_modules/npm/npmrc Completed in 2ms
6 timing config:load:builtin Completed in 2ms
7 timing config:load:cli Completed in 5ms
8 timing config:load:env Completed in 1ms
9 timing config:load:file:/home/m0r4a/.local/share/nvim/mason/.packages/pyright/.npmrc Completed in 2ms
10 timing config:load:project Completed in 5ms
11 timing config:load:file:/home/m0r4a/.npmrc Completed in 0ms
12 timing config:load:user Completed in 0ms
13 timing config:load:file:/usr/etc/npmrc Completed in 0ms
14 timing config:load:global Completed in 0ms
15 timing config:load:validate Completed in 0ms
16 timing config:load:credentials Completed in 2ms
17 timing config:load:setEnvs Completed in 2ms
18 timing config:load Completed in 22ms
19 timing npm:load:configload Completed in 22ms
20 timing npm:load:mkdirpcache Completed in 2ms
21 timing npm:load:mkdirplogs Completed in 1ms
22 verbose title npm init
23 verbose argv "init" "--yes" "--scope" "mason"
24 timing npm:load:setTitle Completed in 3ms
25 timing config:load:flatten Completed in 6ms
26 timing npm:load:display Completed in 9ms
27 verbose logfile logs-max:10 dir:/home/m0r4a/.npm/_logs
28 verbose logfile /home/m0r4a/.npm/_logs/2023-03-21T07_13_05_156Z-debug-0.log
29 timing npm:load:logFile Completed in 11ms
30 timing npm:load:timers Completed in 0ms
31 timing npm:load:configScope Completed in 1ms
32 timing npm:load Completed in 51ms
33 timing config:load:flatten Completed in 2ms
34 silly logfile done cleaning log files
35 silly package data {
35 silly package data   name: '@mason/pyright',
35 silly package data   version: '1.0.0',
35 silly package data   description: '',
35 silly package data   main: 'index.js',
35 silly package data   scripts: { test: 'echo "Error: no test specified" && exit 1' },
35 silly package data   keywords: [],
35 silly package data   author: '',
35 silly package data   license: 'ISC'
35 silly package data }
36 info init written successfully
37 timing command:init Completed in 180ms
38 verbose exit 0
39 timing npm Completed in 452ms
40 info ok
