0 verbose cli /usr/bin/node /usr/bin/npm
1 info using npm@8.19.2
2 info using node@v19.8.1
3 timing npm:load:whichnode Completed in 0ms
4 timing config:load:defaults Completed in 3ms
5 timing config:load:file:/usr/lib/node_modules/npm/npmrc Completed in 4ms
6 timing config:load:builtin Completed in 4ms
7 timing config:load:cli Completed in 5ms
8 timing config:load:env Completed in 1ms
9 timing config:load:file:/home/m0r4a/.local/share/nvim/mason/.packages/vim-language-server/.npmrc Completed in 2ms
10 timing config:load:project Completed in 6ms
11 timing config:load:file:/home/m0r4a/.npmrc Completed in 1ms
12 timing config:load:user Completed in 2ms
13 timing config:load:file:/usr/etc/npmrc Completed in 0ms
14 timing config:load:global Completed in 1ms
15 timing config:load:validate Completed in 1ms
16 timing config:load:credentials Completed in 2ms
17 timing config:load:setEnvs Completed in 2ms
18 timing config:load Completed in 29ms
19 timing npm:load:configload Completed in 30ms
20 timing npm:load:mkdirpcache Completed in 2ms
21 timing npm:load:mkdirplogs Completed in 1ms
22 verbose title npm install vim-language-server
23 verbose argv "install" "vim-language-server"
24 timing npm:load:setTitle Completed in 2ms
25 timing config:load:flatten Completed in 10ms
26 timing npm:load:display Completed in 13ms
27 verbose logfile logs-max:10 dir:/home/m0r4a/.npm/_logs
28 verbose logfile /home/m0r4a/.npm/_logs/2023-03-21T07_13_13_219Z-debug-0.log
29 timing npm:load:logFile Completed in 11ms
30 timing npm:load:timers Completed in 0ms
31 timing npm:load:configScope Completed in 0ms
32 timing npm:load Completed in 61ms
33 timing arborist:ctor Completed in 2ms
34 silly logfile done cleaning log files
35 timing arborist:ctor Completed in 0ms
36 timing idealTree:init Completed in 26ms
37 timing idealTree:userRequests Completed in 5ms
38 silly idealTree buildDeps
39 silly fetch manifest vim-language-server@*
40 http fetch GET 200 https://registry.npmjs.org/vim-language-server 698ms (cache miss)
41 silly placeDep ROOT vim-language-server@2.3.0 OK for: @mason/vim-language-server@1.0.0 want: *
42 timing idealTree:#root Completed in 724ms
43 timing idealTree:node_modules/vim-language-server Completed in 0ms
44 timing idealTree:buildDeps Completed in 726ms
45 timing idealTree:fixDepFlags Completed in 1ms
46 timing idealTree Completed in 759ms
47 timing reify:loadTrees Completed in 761ms
48 timing reify:diffTrees Completed in 2ms
49 silly reify moves {}
50 timing reify:retireShallow Completed in 3ms
51 timing reify:createSparse Completed in 2ms
52 timing reify:loadBundles Completed in 0ms
53 silly audit bulk request { 'vim-language-server': [ '2.3.0' ] }
54 silly tarball no local data for vim-language-server@https://registry.npmjs.org/vim-language-server/-/vim-language-server-2.3.0.tgz. Extracting by manifest.
55 http fetch POST 200 https://registry.npmjs.org/-/npm/v1/security/advisories/bulk 175ms
56 timing auditReport:getReport Completed in 178ms
57 silly audit report {}
58 timing auditReport:init Completed in 0ms
59 timing reify:audit Completed in 181ms
60 http fetch GET 200 https://registry.npmjs.org/vim-language-server/-/vim-language-server-2.3.0.tgz 348ms (cache miss)
61 timing reifyNode:node_modules/vim-language-server Completed in 365ms
62 timing reify:unpack Completed in 365ms
63 timing reify:unretire Completed in 0ms
64 timing build:queue Completed in 2ms
65 timing build:link:node_modules/vim-language-server Completed in 4ms
66 timing build:link Completed in 4ms
67 timing build:deps Completed in 8ms
68 timing build Completed in 9ms
69 timing reify:build Completed in 9ms
70 timing reify:trash Completed in 0ms
71 timing reify:save Completed in 10ms
72 timing reify Completed in 1177ms
73 silly ADD node_modules/vim-language-server
74 timing command:install Completed in 1188ms
75 verbose exit 0
76 timing npm Completed in 1396ms
77 info ok
