2023-01-17 15:18:19 Loading main app package /usr/lib/obsidian/obsidian.asar
2023-01-17 15:18:19 Checking for update using Github
2023-01-17 15:18:21 Success.
2023-01-17 15:18:21 Latest version is 1.1.9
2023-01-17 15:18:21 App is up to date.
2023-01-19 23:24:33 Loading main app package /usr/lib/obsidian/obsidian.asar
2023-01-19 23:24:36 Checking for update using Github
2023-01-19 23:24:38 Success.
2023-01-19 23:24:38 Latest version is 1.1.9
2023-01-19 23:24:38 App is up to date.
2023-01-19 23:43:42 Loading main app package /usr/lib/obsidian/obsidian.asar
2023-01-19 23:43:43 Checking for update using Github
2023-01-19 23:43:43 Success.
2023-01-19 23:43:43 Latest version is 1.1.9
2023-01-19 23:43:43 App is up to date.
2023-01-19 23:43:53 Loading main app package /usr/lib/obsidian/obsidian.asar
2023-01-19 23:43:54 Checking for update using Github
2023-01-19 23:43:54 Success.
2023-01-19 23:43:54 Latest version is 1.1.9
2023-01-19 23:43:54 App is up to date.
2023-01-19 23:45:30 Loading main app package /usr/lib/obsidian/obsidian.asar
2023-01-19 23:45:30 Checking for update using Github
2023-01-19 23:45:30 Success.
2023-01-19 23:45:30 Latest version is 1.1.9
2023-01-19 23:45:30 App is up to date.
2023-01-19 23:45:53 Loading main app package /usr/lib/obsidian/obsidian.asar
2023-01-19 23:45:53 Checking for update using Github
2023-01-19 23:45:53 Success.
2023-01-19 23:45:53 Latest version is 1.1.9
2023-01-19 23:45:53 App is up to date.
2023-01-19 23:46:06 Loading main app package /usr/lib/obsidian/obsidian.asar
2023-01-19 23:46:06 Checking for update using Github
2023-01-19 23:46:07 Success.
2023-01-19 23:46:07 Latest version is 1.1.9
2023-01-19 23:46:07 App is up to date.
2023-01-20 00:28:35 Loading main app package /usr/lib/obsidian/obsidian.asar
2023-01-20 00:28:35 Checking for update using Github
2023-01-20 00:28:36 Success.
2023-01-20 00:28:36 Latest version is 1.1.9
2023-01-20 00:28:36 App is up to date.
2023-01-20 00:33:15 Loading main app package /usr/lib/obsidian/obsidian.asar
2023-01-20 00:33:15 Checking for update using Github
2023-01-20 00:33:15 Success.
2023-01-20 00:33:15 Latest version is 1.1.9
2023-01-20 00:33:15 App is up to date.
2023-01-20 00:33:43 Loading main app package /usr/lib/obsidian/obsidian.asar
2023-01-20 00:33:43 Checking for update using Github
2023-01-20 00:33:43 Success.
2023-01-20 00:33:43 Latest version is 1.1.9
2023-01-20 00:33:43 App is up to date.
2023-01-20 00:38:18 Loading main app package /usr/lib/obsidian/obsidian.asar
2023-01-20 00:38:18 Checking for update using Github
2023-01-20 00:38:18 Success.
2023-01-20 00:38:18 Latest version is 1.1.9
2023-01-20 00:38:18 App is up to date.
2023-01-20 01:38:18 Checking for update using Github
2023-01-20 01:38:18 Success.
2023-01-20 01:38:18 Latest version is 1.1.9
2023-01-20 01:38:18 App is up to date.
2023-01-20 02:38:18 Checking for update using Github
2023-01-20 02:38:18 Success.
2023-01-20 02:38:18 Latest version is 1.1.9
2023-01-20 02:38:18 App is up to date.
2023-01-20 21:17:57 Loading main app package /usr/lib/obsidian/obsidian.asar
2023-01-20 21:18:00 Checking for update using Github
2023-01-20 21:18:01 Success.
2023-01-20 21:18:01 Latest version is 1.1.9
2023-01-20 21:18:01 App is up to date.
2023-01-20 22:17:57 Checking for update using Github
2023-01-20 22:17:57 Success.
2023-01-20 22:17:57 Latest version is 1.1.9
2023-01-20 22:17:57 App is up to date.
2023-01-21 16:19:46 Loading main app package /usr/lib/obsidian/obsidian.asar
2023-01-21 16:19:46 Checking for update using Github
2023-01-21 16:19:47 Success.
2023-01-21 16:19:47 Latest version is 1.1.9
2023-01-21 16:19:47 App is up to date.
2023-01-22 00:25:02 Loading main app package /usr/lib/obsidian/obsidian.asar
2023-01-22 00:25:03 Checking for update using Github
2023-01-22 00:25:03 Success.
2023-01-22 00:25:03 Latest version is 1.1.9
2023-01-22 00:25:03 App is up to date.
2023-01-22 01:25:02 Checking for update using Github
2023-01-22 01:25:03 Success.
2023-01-22 01:25:03 Latest version is 1.1.9
2023-01-22 01:25:03 App is up to date.
2023-01-24 04:51:29 Loading main app package /usr/lib/obsidian/obsidian.asar
2023-01-24 04:51:30 Checking for update using Github
2023-01-24 04:51:30 Success.
2023-01-24 04:51:30 Latest version is 1.1.9
2023-01-24 04:51:30 App is up to date.
2023-01-24 04:54:54 Loading main app package /usr/lib/obsidian/obsidian.asar
2023-01-24 04:54:54 Checking for update using Github
2023-01-24 04:54:54 Success.
2023-01-24 04:54:54 Latest version is 1.1.9
2023-01-24 04:54:54 App is up to date.
2023-01-24 05:03:17 Loading main app package /usr/lib/obsidian/obsidian.asar
2023-01-24 05:03:17 Checking for update using Github
2023-01-24 05:28:11 Loading main app package /usr/lib/obsidian/obsidian.asar
2023-01-24 05:28:11 Checking for update using Github
2023-01-24 05:28:12 Success.
2023-01-24 05:28:12 Latest version is 1.1.9
2023-01-24 05:28:12 App is up to date.
2023-01-24 05:29:42 Loading main app package /usr/lib/obsidian/obsidian.asar
2023-01-24 05:29:42 Checking for update using Github
2023-01-24 05:29:42 Success.
2023-01-24 05:29:42 Latest version is 1.1.9
2023-01-24 05:29:42 App is up to date.
2023-01-24 15:59:10 Loading main app package /usr/lib/obsidian/obsidian.asar
2023-01-24 15:59:10 Checking for update using Github
2023-01-24 15:59:10 Success.
2023-01-24 15:59:10 Latest version is 1.1.9
2023-01-24 15:59:10 App is up to date.
2023-01-24 16:59:10 Checking for update using Github
2023-01-24 16:59:10 Success.
2023-01-24 16:59:10 Latest version is 1.1.9
2023-01-24 16:59:10 App is up to date.
2023-01-24 17:59:10 Checking for update using Github
2023-01-24 17:59:10 Success.
2023-01-24 17:59:10 Latest version is 1.1.9
2023-01-24 17:59:10 App is up to date.
2023-01-24 18:59:10 Checking for update using Github
2023-01-24 18:59:10 Success.
2023-01-24 18:59:10 Latest version is 1.1.9
2023-01-24 18:59:10 App is up to date.
2023-01-24 19:59:10 Checking for update using Github
2023-01-24 19:59:10 Success.
2023-01-24 19:59:10 Latest version is 1.1.9
2023-01-24 19:59:10 App is up to date.
2023-01-24 20:59:10 Checking for update using Github
2023-01-24 20:59:10 Success.
2023-01-24 20:59:10 Latest version is 1.1.9
2023-01-24 20:59:10 App is up to date.
2023-01-24 21:59:10 Checking for update using Github
2023-01-24 21:59:10 Success.
2023-01-24 21:59:10 Latest version is 1.1.9
2023-01-24 21:59:10 App is up to date.
2023-01-24 22:59:10 Checking for update using Github
2023-01-24 22:59:10 Success.
2023-01-24 22:59:10 Latest version is 1.1.9
2023-01-24 22:59:10 App is up to date.
2023-01-24 23:59:10 Checking for update using Github
2023-01-24 23:59:10 Success.
2023-01-24 23:59:10 Latest version is 1.1.9
2023-01-24 23:59:10 App is up to date.
2023-01-25 15:05:29 Loading main app package /usr/lib/obsidian/obsidian.asar
2023-01-25 15:05:30 Checking for update using Github
2023-01-25 15:05:30 Success.
2023-01-25 15:05:30 Latest version is 1.1.9
2023-01-25 15:05:30 App is up to date.
2023-01-25 16:05:29 Checking for update using Github
2023-01-25 16:05:30 Success.
2023-01-25 16:05:30 Latest version is 1.1.9
2023-01-25 16:05:30 App is up to date.
2023-01-25 17:05:30 Checking for update using Github
2023-01-25 17:05:30 Success.
2023-01-25 17:05:30 Latest version is 1.1.9
2023-01-25 17:05:30 App is up to date.
2023-01-25 18:05:30 Checking for update using Github
2023-01-25 18:05:30 Success.
2023-01-25 18:05:30 Latest version is 1.1.9
2023-01-25 18:05:30 App is up to date.
2023-01-25 19:05:30 Checking for update using Github
2023-01-25 19:05:30 Success.
2023-01-25 19:05:30 Latest version is 1.1.9
2023-01-25 19:05:30 App is up to date.
2023-01-25 20:05:30 Checking for update using Github
2023-01-25 20:05:30 Success.
2023-01-25 20:05:30 Latest version is 1.1.9
2023-01-25 20:05:30 App is up to date.
2023-01-25 21:05:30 Checking for update using Github
2023-01-25 21:05:30 Success.
2023-01-25 21:05:30 Latest version is 1.1.9
2023-01-25 21:05:30 App is up to date.
2023-01-25 22:05:30 Checking for update using Github
2023-01-25 22:05:30 Success.
2023-01-25 22:05:30 Latest version is 1.1.9
2023-01-25 22:05:30 App is up to date.
2023-01-25 23:05:30 Checking for update using Github
2023-01-25 23:05:30 Success.
2023-01-25 23:05:30 Latest version is 1.1.9
2023-01-25 23:05:30 App is up to date.
2023-01-26 00:05:30 Checking for update using Github
2023-01-26 00:05:30 Success.
2023-01-26 00:05:30 Latest version is 1.1.9
2023-01-26 00:05:30 App is up to date.
2023-01-26 01:05:30 Checking for update using Github
2023-01-26 01:05:31 Success.
2023-01-26 01:05:31 Latest version is 1.1.9
2023-01-26 01:05:31 App is up to date.
2023-01-26 02:05:30 Checking for update using Github
2023-01-26 02:05:31 Success.
2023-01-26 02:05:31 Latest version is 1.1.9
2023-01-26 02:05:31 App is up to date.
2023-01-26 03:05:31 Checking for update using Github
2023-01-26 03:05:31 Success.
2023-01-26 03:05:31 Latest version is 1.1.9
2023-01-26 03:05:31 App is up to date.
2023-01-26 04:05:31 Checking for update using Github
2023-01-26 04:05:31 Success.
2023-01-26 04:05:31 Latest version is 1.1.9
2023-01-26 04:05:31 App is up to date.
2023-01-28 22:20:36 Loading main app package /usr/lib/obsidian/obsidian.asar
2023-01-28 22:20:36 Checking for update using Github
2023-01-28 22:20:37 Success.
2023-01-28 22:20:37 Latest version is 1.1.9
2023-01-28 22:20:37 App is up to date.
2023-01-28 22:20:42 Loading main app package /usr/lib/obsidian/obsidian.asar
2023-01-28 22:20:42 Checking for update using Github
2023-01-28 22:20:59 Loading main app package /usr/lib/obsidian/obsidian.asar
2023-01-28 22:20:59 Checking for update using Github
2023-01-28 22:20:59 Success.
2023-01-28 22:20:59 Latest version is 1.1.9
2023-01-28 22:20:59 App is up to date.
2023-01-28 22:26:52 Loading main app package /usr/lib/obsidian/obsidian.asar
2023-01-28 22:26:52 Checking for update using Github
2023-01-28 22:26:53 Success.
2023-01-28 22:26:53 Latest version is 1.1.9
2023-01-28 22:26:53 App is up to date.
2023-01-29 21:33:35 Loading main app package /usr/lib/obsidian/obsidian.asar
2023-01-29 21:33:35 Checking for update using Github
2023-01-29 21:33:36 Success.
2023-01-29 21:33:36 Latest version is 1.1.9
2023-01-29 21:33:36 App is up to date.
2023-01-29 22:33:35 Checking for update using Github
2023-01-29 22:33:35 Success.
2023-01-29 22:33:35 Latest version is 1.1.9
2023-01-29 22:33:35 App is up to date.
2023-01-29 23:33:35 Checking for update using Github
2023-01-29 23:33:35 Success.
2023-01-29 23:33:35 Latest version is 1.1.9
2023-01-29 23:33:35 App is up to date.
2023-02-01 23:22:00 Loading main app package /usr/lib/obsidian/obsidian.asar
2023-02-01 23:22:01 Checking for update using Github
2023-02-01 23:22:01 Success.
2023-02-01 23:22:01 Latest version is 1.1.9
2023-02-01 23:22:01 App is up to date.
2023-02-01 23:47:01 Loading main app package /usr/lib/obsidian/obsidian.asar
2023-02-01 23:47:02 Checking for update using Github
2023-02-01 23:47:02 Success.
2023-02-01 23:47:02 Latest version is 1.1.9
2023-02-01 23:47:02 App is up to date.
2023-02-02 00:47:02 Checking for update using Github
2023-02-02 00:47:02 Success.
2023-02-02 00:47:02 Latest version is 1.1.9
2023-02-02 00:47:02 App is up to date.
2023-02-02 02:07:40 Loading main app package /usr/lib/obsidian/obsidian.asar
2023-02-02 02:07:40 Checking for update using Github
2023-02-02 02:07:41 Success.
2023-02-02 02:07:41 Latest version is 1.1.9
2023-02-02 02:07:41 App is up to date.
2023-02-02 04:17:36 Loading main app package /usr/lib/obsidian/obsidian.asar
2023-02-02 04:17:37 Checking for update using Github
2023-02-02 04:17:37 Success.
2023-02-02 04:17:37 Latest version is 1.1.9
2023-02-02 04:17:37 App is up to date.
2023-02-08 20:03:17 Loading main app package /usr/lib/obsidian/obsidian.asar
2023-02-08 20:03:17 Checking for update using Github
2023-02-08 20:03:18 Success.
2023-02-08 20:03:18 Latest version is 1.1.9
2023-02-08 20:03:18 App is up to date.
2023-02-08 20:56:20 Loading main app package /usr/lib/obsidian/obsidian.asar
2023-02-08 20:56:20 Checking for update using Github
2023-02-08 20:56:20 Success.
2023-02-08 20:56:20 Latest version is 1.1.9
2023-02-08 20:56:20 App is up to date.
2023-02-08 20:56:46 Loading main app package /usr/lib/obsidian/obsidian.asar
2023-02-08 20:56:46 Checking for update using Github
2023-02-08 20:56:46 Success.
2023-02-08 20:56:46 Latest version is 1.1.9
2023-02-08 20:56:46 App is up to date.
2023-02-09 08:44:23 Loading main app package /usr/lib/obsidian/obsidian.asar
2023-02-09 08:44:24 Checking for update using Github
2023-02-09 08:44:24 Success.
2023-02-09 08:44:24 Latest version is 1.1.9
2023-02-09 08:44:24 App is up to date.
2023-02-10 06:38:35 Loading main app package /usr/lib/obsidian/obsidian.asar
2023-02-10 06:38:36 Checking for update using Github
2023-02-10 06:38:36 Success.
2023-02-10 06:38:36 Latest version is 1.1.9
2023-02-10 06:38:36 App is up to date.
2023-02-10 23:24:22 Loading main app package /usr/lib/obsidian/obsidian.asar
2023-02-10 23:24:22 Checking for update using Github
2023-02-10 23:24:23 Success.
2023-02-10 23:24:23 Latest version is 1.1.9
2023-02-10 23:24:23 App is up to date.
2023-02-11 05:49:43 Loading main app package /usr/lib/obsidian/obsidian.asar
2023-02-11 05:49:43 Checking for update using Github
2023-02-11 05:49:44 Success.
2023-02-11 05:49:44 Latest version is 1.1.9
2023-02-11 05:49:44 App is up to date.
2023-02-11 08:05:51 Loading main app package /usr/lib/obsidian/obsidian.asar
2023-02-11 08:05:52 Checking for update using Github
2023-02-11 08:05:52 Success.
2023-02-11 08:05:52 Latest version is 1.1.9
2023-02-11 08:05:52 App is up to date.
2023-02-14 09:20:53 Loading main app package /usr/lib/obsidian/obsidian.asar
2023-02-14 09:20:54 Checking for update using Github
2023-02-14 09:20:54 Success.
2023-02-14 09:20:54 Latest version is 1.1.9
2023-02-14 09:20:54 App is up to date.
